<?xml version="1.0" encoding="UTF-8"?>
<testsuite xmlns:xsi="http://www.w3.org/2001/XMLSchema-instance" xsi:noNamespaceSchemaLocation="https://maven.apache.org/surefire/maven-surefire-plugin/xsd/surefire-test-report-3.0.xsd" version="3.0" name="com.medconnect.MedconnectApplicationTests" time="49.698" tests="1" errors="0" skipped="0" failures="0">
  <properties>
[...]
</properties>
  <testcase name="contextLoads" classname="com.medconnect.MedconnectApplicationTests" time="3.158">
    <system-out><![CDATA[17:14:29.533 [main] INFO org.springframework.test.context.support.AnnotationConfigContextLoaderUtils -- Could not detect default configuration classes for test class [com.medconnect.MedconnectApplicationTests]: MedconnectApplicationTests does not declare any static, non-private, non-final, nested classes annotated with @Configuration.
17:14:31.868 [main] INFO org.springframework.boot.test.context.SpringBootTestContextBootstrapper -- Found @SpringBootConfiguration com.medconnect.MedconnectApplication for test class com.medconnect.MedconnectApplicationTests
17:14:34.864 [main] INFO org.springframework.boot.devtools.restart.RestartApplicationListener -- Restart disabled due to context in which it is running

  .   ____          _            __ _ _
 /\\ / ___'_ __ _ _(_)_ __  __ _ \ \ \ \
( ( )\___ | '_ | '_| | '_ \/ _` | \ \ \ \
 \\/  ___)| |_)| | | | | || (_| |  ) ) ) )
  '  |____| .__|_| |_|_| |_\__, | / / / /
 =========|_|==============|___/=/_/_/_/
 :: Spring Boot ::                (v3.2.4)

2024-09-13T17:14:37.779-03:00  INFO 5924 --- [medconnect] [           main] c.medconnect.MedconnectApplicationTests  : Starting MedconnectApplicationTests using Java 22.0.2 with PID 5924 (started by Miron in D:\mundo do miron\mundo do miron\fiap\sprint 3 2 semestre\med\medconnect)
2024-09-13T17:14:37.783-03:00  INFO 5924 --- [medconnect] [           main] c.medconnect.MedconnectApplicationTests  : No active profile set, falling back to 1 default profile: "default"
2024-09-13T17:14:42.266-03:00  INFO 5924 --- [medconnect] [           main] .s.d.r.c.RepositoryConfigurationDelegate : Bootstrapping Spring Data JPA repositories in DEFAULT mode.
2024-09-13T17:14:42.828-03:00  INFO 5924 --- [medconnect] [           main] .s.d.r.c.RepositoryConfigurationDelegate : Finished Spring Data repository scanning in 552 ms. Found 11 JPA repository interfaces.
2024-09-13T17:14:47.885-03:00  INFO 5924 --- [medconnect] [           main] o.hibernate.jpa.internal.util.LogHelper  : HHH000204: Processing PersistenceUnitInfo [name: default]
2024-09-13T17:14:48.883-03:00  INFO 5924 --- [medconnect] [           main] org.hibernate.Version                    : HHH000412: Hibernate ORM core version 6.4.4.Final
2024-09-13T17:14:49.102-03:00  INFO 5924 --- [medconnect] [           main] o.h.c.internal.RegionFactoryInitiator    : HHH000026: Second-level cache disabled
2024-09-13T17:14:50.886-03:00  INFO 5924 --- [medconnect] [           main] o.s.o.j.p.SpringPersistenceUnitInfo      : No LoadTimeWeaver setup: ignoring JPA class transformer
2024-09-13T17:14:51.230-03:00  INFO 5924 --- [medconnect] [           main] com.zaxxer.hikari.HikariDataSource       : HikariPool-1 - Starting...
2024-09-13T17:14:53.055-03:00  INFO 5924 --- [medconnect] [           main] com.zaxxer.hikari.pool.HikariPool        : HikariPool-1 - Added connection oracle.jdbc.driver.T4CConnection@451816fd
2024-09-13T17:14:53.081-03:00  INFO 5924 --- [medconnect] [           main] com.zaxxer.hikari.HikariDataSource       : HikariPool-1 - Start completed.
2024-09-13T17:14:54.058-03:00  WARN 5924 --- [medconnect] [           main] org.hibernate.orm.deprecation            : HHH90000025: OracleDialect does not need to be specified explicitly using 'hibernate.dialect' (remove the property setting and it will be selected by default)
2024-09-13T17:15:01.064-03:00 DEBUG 5924 --- [medconnect] [           main] org.hibernate.SQL                        : create global temporary table HTE_t_mdct_forma_pagamento(rn_ number(10,0) not null, dt_cadastro timestamp(6), id_forma_pagamento number(19,0), id_produto number(19,0), ds_forma_pagto varchar2(80 char), nm_forma_pagto varchar2(80 char), primary key (rn_)) on commit delete rows
2024-09-13T17:15:01.108-03:00 DEBUG 5924 --- [medconnect] [           main] org.hibernate.SQL                        : create global temporary table HTE_t_mdct_produto(qt_estoque number(10,0), rn_ number(10,0) not null, dt_cadastro timestamp(6), id_produto number(19,0), vl_produto float(53), ct_produto varchar2(80 char), nm_produto varchar2(80 char), ds_produto varchar2(100 char), primary key (rn_)) on commit delete rows
2024-09-13T17:15:01.134-03:00 DEBUG 5924 --- [medconnect] [           main] org.hibernate.SQL                        : create global temporary table HTE_t_mdct_endereco_cliente(nr_logradouro number(10,0), rn_ number(10,0) not null, dt_cadastro timestamp(6), id_cliente number(19,0), id_endereco_cliente number(19,0), ds_complemento_numero varchar2(30 char), ds_ponto_referencia varchar2(50 char), primary key (rn_)) on commit delete rows
2024-09-13T17:15:01.155-03:00 DEBUG 5924 --- [medconnect] [           main] org.hibernate.SQL                        : create global temporary table HTE_t_mdct_compra(qt_compra number(10,0), rn_ number(10,0) not null, dt_cadastro timestamp(6), id_cliente number(19,0), id_compra number(19,0), id_produto number(19,0), vl_compra float(53), end_entrega varchar2(100 char), primary key (rn_)) on commit delete rows
2024-09-13T17:15:01.177-03:00 DEBUG 5924 --- [medconnect] [           main] org.hibernate.SQL                        : create global temporary table HTE_t_mdct_contato(nr_ddd number(10,0), nr_ddi number(10,0), rn_ number(10,0) not null, dt_cadastro timestamp(6), id_cliente number(19,0), id_contato number(19,0), nr_telefone number(19,0), primary key (rn_)) on commit delete rows
2024-09-13T17:15:01.200-03:00 DEBUG 5924 --- [medconnect] [           main] org.hibernate.SQL                        : create global temporary table HTE_t_mdct_bairro(rn_ number(10,0) not null, dt_cadastro timestamp(6), id_bairro number(19,0), id_cidade number(19,0), nm_zona_bairro varchar2(20 char), nm_bairro varchar2(45 char), primary key (rn_)) on commit delete rows
2024-09-13T17:15:01.225-03:00 DEBUG 5924 --- [medconnect] [           main] org.hibernate.SQL                        : create global temporary table HTE_t_mdct_cidade(cd_ibge number(10,0), nr_ddd number(10,0), rn_ number(10,0) not null, dt_cadastro timestamp(6), id_cidade number(19,0), id_estado number(19,0), nm_cidade varchar2(60 char), primary key (rn_)) on commit delete rows
2024-09-13T17:15:01.249-03:00 DEBUG 5924 --- [medconnect] [           main] org.hibernate.SQL                        : create global temporary table HTE_t_mdct_estado(rn_ number(10,0) not null, sg_estado varchar2(2 char), dt_cadastro timestamp(6), id_estado number(19,0), nm_estado varchar2(30 char), primary key (rn_)) on commit delete rows
2024-09-13T17:15:01.268-03:00 DEBUG 5924 --- [medconnect] [           main] org.hibernate.SQL                        : create global temporary table HTE_t_mdct_logradouro(nr_cep number(10,0), rn_ number(10,0) not null, dt_cadastro timestamp(6), id_bairro number(19,0), id_endereco_cliente number(19,0), id_logradouro number(19,0), nm_logradouro varchar2(100 char), primary key (rn_)) on commit delete rows
2024-09-13T17:15:01.297-03:00 DEBUG 5924 --- [medconnect] [           main] org.hibernate.SQL                        : create global temporary table HTE_t_mdct_email(rn_ number(10,0) not null, dt_cadastro timestamp(6), id_cliente number(19,0), id_email number(19,0), ds_email varchar2(80 char), primary key (rn_)) on commit delete rows
2024-09-13T17:15:01.749-03:00  INFO 5924 --- [medconnect] [           main] o.h.e.t.j.p.i.JtaPlatformInitiator       : HHH000489: No JTA platform available (set 'hibernate.transaction.jta.platform' to enable JTA platform integration)
2024-09-13T17:15:05.376-03:00 DEBUG 5924 --- [medconnect] [           main] org.hibernate.SQL                        : create table t_mdct_bairro (id_bairro number(19,0) not null, dt_cadastro timestamp(6) not null, nm_bairro varchar2(45 char), nm_zona_bairro varchar2(20 char), id_cidade number(19,0), primary key (id_bairro))
2024-09-13T17:15:05.399-03:00 DEBUG 5924 --- [medconnect] [           main] org.hibernate.SQL                        : create table t_mdct_cidade (id_cidade number(19,0) not null, cd_ibge number(10,0), dt_cadastro timestamp(6) not null, nr_ddd number(10,0), nm_cidade varchar2(60 char), id_estado number(19,0), primary key (id_cidade))
2024-09-13T17:15:05.425-03:00 DEBUG 5924 --- [medconnect] [           main] org.hibernate.SQL                        : create table t_mdct_cliente (id_cliente number(19,0) not null, nr_cpf number(19,0), dt_cadastro timestamp(6) not null, dt_nascimento date, lg_cliente varchar2(255 char), nm_cliente varchar2(255 char), nm_rg varchar2(255 char), sh_cliente varchar2(255 char), primary key (id_cliente))
2024-09-13T17:15:05.449-03:00 DEBUG 5924 --- [medconnect] [           main] org.hibernate.SQL                        : create table t_mdct_compra (id_compra number(19,0) not null, dt_cadastro timestamp(6) not null, end_entrega varchar2(100 char), qt_compra number(10,0), vl_compra float(53), id_cliente number(19,0), id_produto number(19,0), primary key (id_compra))
2024-09-13T17:15:05.477-03:00 DEBUG 5924 --- [medconnect] [           main] org.hibernate.SQL                        : create table t_mdct_contato (id_contato number(19,0) not null, dt_cadastro timestamp(6) not null, nr_ddd number(10,0), nr_ddi number(10,0), nr_telefone number(19,0), id_cliente number(19,0) not null, primary key (id_contato))
2024-09-13T17:15:05.499-03:00 DEBUG 5924 --- [medconnect] [           main] org.hibernate.SQL                        : create table t_mdct_email (id_email number(19,0) not null, dt_cadastro timestamp(6) not null, ds_email varchar2(80 char), id_cliente number(19,0) not null, primary key (id_email))
2024-09-13T17:15:05.524-03:00 DEBUG 5924 --- [medconnect] [           main] org.hibernate.SQL                        : create table t_mdct_endereco_cliente (id_endereco_cliente number(19,0) not null, ds_complemento_numero varchar2(30 char), dt_cadastro timestamp(6) not null, nr_logradouro number(10,0), ds_ponto_referencia varchar2(50 char), id_cliente number(19,0) not null, primary key (id_endereco_cliente))
2024-09-13T17:15:05.546-03:00 DEBUG 5924 --- [medconnect] [           main] org.hibernate.SQL                        : create table t_mdct_estado (id_estado number(19,0) not null, dt_cadastro timestamp(6) not null, nm_estado varchar2(30 char), sg_estado varchar2(2 char), primary key (id_estado))
2024-09-13T17:15:05.569-03:00 DEBUG 5924 --- [medconnect] [           main] org.hibernate.SQL                        : create table t_mdct_forma_pagamento (id_forma_pagamento number(19,0) not null, dt_cadastro timestamp(6) not null, ds_forma_pagto varchar2(80 char), nm_forma_pagto varchar2(80 char), id_produto number(19,0), primary key (id_forma_pagamento))
2024-09-13T17:15:05.590-03:00 DEBUG 5924 --- [medconnect] [           main] org.hibernate.SQL                        : create table t_mdct_logradouro (id_logradouro number(19,0) not null, nr_cep number(10,0), dt_cadastro timestamp(6) not null, nm_logradouro varchar2(100 char), id_bairro number(19,0), id_endereco_cliente number(19,0), primary key (id_logradouro))
2024-09-13T17:15:05.617-03:00 DEBUG 5924 --- [medconnect] [           main] org.hibernate.SQL                        : create table t_mdct_produto (id_produto number(19,0) not null, ct_produto varchar2(80 char), dt_cadastro timestamp(6) not null, ds_produto varchar2(100 char), nm_produto varchar2(80 char), qt_estoque number(10,0), vl_produto float(53), primary key (id_produto))
2024-09-13T17:15:05.644-03:00 DEBUG 5924 --- [medconnect] [           main] org.hibernate.SQL                        : alter table t_mdct_endereco_cliente drop constraint UK_21dcj10oeg271a4pcq1b1qyri
2024-09-13T17:15:05.668-03:00 DEBUG 5924 --- [medconnect] [           main] org.hibernate.SQL                        : alter table t_mdct_endereco_cliente add constraint UK_21dcj10oeg271a4pcq1b1qyri unique (id_cliente)
2024-09-13T17:15:05.695-03:00 DEBUG 5924 --- [medconnect] [           main] org.hibernate.SQL                        : alter table t_mdct_logradouro drop constraint UK_223xitg7ri00jjpbb58y00q2d
2024-09-13T17:15:05.719-03:00 DEBUG 5924 --- [medconnect] [           main] org.hibernate.SQL                        : alter table t_mdct_logradouro add constraint UK_223xitg7ri00jjpbb58y00q2d unique (id_endereco_cliente)
2024-09-13T17:15:05.745-03:00 DEBUG 5924 --- [medconnect] [           main] org.hibernate.SQL                        : create sequence seq_mi_cliente start with 1 increment by 1
2024-09-13T17:15:05.755-03:00 DEBUG 5924 --- [medconnect] [           main] org.hibernate.SQL                        : create sequence t_mdct_bairro_seq start with 1 increment by 50
2024-09-13T17:15:05.764-03:00 DEBUG 5924 --- [medconnect] [           main] org.hibernate.SQL                        : create sequence t_mdct_cidade_seq start with 1 increment by 50
2024-09-13T17:15:05.773-03:00 DEBUG 5924 --- [medconnect] [           main] org.hibernate.SQL                        : create sequence t_mdct_compra_seq start with 1 increment by 50
2024-09-13T17:15:05.789-03:00 DEBUG 5924 --- [medconnect] [           main] org.hibernate.SQL                        : create sequence t_mdct_contato_seq start with 1 increment by 50
2024-09-13T17:15:05.799-03:00 DEBUG 5924 --- [medconnect] [           main] org.hibernate.SQL                        : create sequence t_mdct_email_seq start with 1 increment by 50
2024-09-13T17:15:05.810-03:00 DEBUG 5924 --- [medconnect] [           main] org.hibernate.SQL                        : create sequence t_mdct_endereco_cliente_seq start with 1 increment by 50
2024-09-13T17:15:05.819-03:00 DEBUG 5924 --- [medconnect] [           main] org.hibernate.SQL                        : create sequence t_mdct_estado_seq start with 1 increment by 50
2024-09-13T17:15:05.832-03:00 DEBUG 5924 --- [medconnect] [           main] org.hibernate.SQL                        : create sequence t_mdct_forma_pagamento_seq start with 1 increment by 50
2024-09-13T17:15:05.841-03:00 DEBUG 5924 --- [medconnect] [           main] org.hibernate.SQL                        : create sequence t_mdct_logradouro_seq start with 1 increment by 50
2024-09-13T17:15:05.851-03:00 DEBUG 5924 --- [medconnect] [           main] org.hibernate.SQL                        : create sequence t_mdct_produto_seq start with 1 increment by 50
2024-09-13T17:15:05.864-03:00 DEBUG 5924 --- [medconnect] [           main] org.hibernate.SQL                        : alter table t_mdct_bairro add constraint FKf4o0oyd53xwwtmwihu29k76c1 foreign key (id_cidade) references t_mdct_cidade
2024-09-13T17:15:05.890-03:00 DEBUG 5924 --- [medconnect] [           main] org.hibernate.SQL                        : alter table t_mdct_cidade add constraint FK89u1o958bj7ant93r0o4k1kbp foreign key (id_estado) references t_mdct_estado
2024-09-13T17:15:05.921-03:00 DEBUG 5924 --- [medconnect] [           main] org.hibernate.SQL                        : alter table t_mdct_compra add constraint FK2j1k9jr7gk6vcnfcfy6iay1mn foreign key (id_cliente) references t_mdct_cliente
2024-09-13T17:15:05.945-03:00 DEBUG 5924 --- [medconnect] [           main] org.hibernate.SQL                        : alter table t_mdct_compra add constraint FKianbvwgu7n31erg1wacct91pj foreign key (id_produto) references t_mdct_produto
2024-09-13T17:15:05.964-03:00 DEBUG 5924 --- [medconnect] [           main] org.hibernate.SQL                        : alter table t_mdct_contato add constraint FK11dxe480ujrtf4retwxs0xj25 foreign key (id_cliente) references t_mdct_cliente
2024-09-13T17:15:05.987-03:00 DEBUG 5924 --- [medconnect] [           main] org.hibernate.SQL                        : alter table t_mdct_email add constraint FKps45ka3i0vdlp7gw0ir71c28s foreign key (id_cliente) references t_mdct_cliente
2024-09-13T17:15:06.011-03:00 DEBUG 5924 --- [medconnect] [           main] org.hibernate.SQL                        : alter table t_mdct_endereco_cliente add constraint FK960mcdnajikdr0aep6ynefc4l foreign key (id_cliente) references t_mdct_cliente
2024-09-13T17:15:06.029-03:00 DEBUG 5924 --- [medconnect] [           main] org.hibernate.SQL                        : alter table t_mdct_forma_pagamento add constraint FK51oqe4p9n4pe7723gec2o3rma foreign key (id_produto) references t_mdct_produto
2024-09-13T17:15:06.051-03:00 DEBUG 5924 --- [medconnect] [           main] org.hibernate.SQL                        : alter table t_mdct_logradouro add constraint FKccjaoo6u9txubb1ou8591vpku foreign key (id_bairro) references t_mdct_bairro
2024-09-13T17:15:06.070-03:00 DEBUG 5924 --- [medconnect] [           main] org.hibernate.SQL                        : alter table t_mdct_logradouro add constraint FKnuvr0d6bsponqvpippofvi4jn foreign key (id_endereco_cliente) references t_mdct_endereco_cliente
2024-09-13T17:15:06.091-03:00  INFO 5924 --- [medconnect] [           main] j.LocalContainerEntityManagerFactoryBean : Initialized JPA EntityManagerFactory for persistence unit 'default'
2024-09-13T17:15:09.845-03:00  WARN 5924 --- [medconnect] [           main] JpaBaseConfiguration$JpaWebConfiguration : spring.jpa.open-in-view is enabled by default. Therefore, database queries may be performed during view rendering. Explicitly configure spring.jpa.open-in-view to disable this warning
2024-09-13T17:15:13.052-03:00  INFO 5924 --- [medconnect] [           main] c.medconnect.MedconnectApplicationTests  : Started MedconnectApplicationTests in 38.427 seconds (process running for 60.556)
]]></system-out>
    <system-err><![CDATA[WARNING: A Java agent has been loaded dynamically (C:\Users\Miron\.m2\repository\net\bytebuddy\byte-buddy-agent\1.14.12\byte-buddy-agent-1.14.12.jar)
WARNING: If a serviceability tool is in use, please run with -XX:+EnableDynamicAgentLoading to hide this warning
WARNING: If a serviceability tool is not in use, please run with -Djdk.instrument.traceUsage for more information
WARNING: Dynamic loading of agents will be disallowed by default in a future release
]]></system-err>
  </testcase>
</testsuite>